DFUMSG                          Message definitions          13-AUG-1996 10:30:47  VAX-11 Message V04-00                   Page   1
                                                             13-SEP-1995 08:38:56  OWN$:[SOURCES.CC.DFUSRC.FREE024]DFUMSG.MSG;7
 
                                      1 	.title DFUMSG Error messages
                                      2 
                         00000801     3 	.facility DFU,1/prefix=DFU_
                                      4 
                                      5 	.severity informational
                                      6 
                                      7 	.severity warning
                                      8 
                                      9 	.severity error
                                     10 
                         0801800A    11 ASSIGN		<Error assigning channel to disk,>
                         08018012    12 EXHFAIL		<Failed to setup exit handler,>
                         0801801A    13 EXPREG		<Error creating dynamic memory,>
                         08018022    14 IOERR		<Error reading INDEXF.SYS,>
                         0801802A    15 INDEXERR	<Error opening INDEXF.SYS,>
                         08018032    16 NOPRIV		<No privilege to perform this function (DFU_ALLPRIV not granted)>
                                     17 	.end

There were 0 errors, 0 warnings, and 0 informational messages issued.
MESS/OBJ DFUMSG/LIS
