
Analyze Image                                13-MAY-1988 09:05:49.54   Page 1
USER$1:[OLIVER.DEMO.INSURE]DTKSHR.EXE;1


IMAGE HEADER

	Fixed Header Information

		image format major id: 02, minor id: 05
		header block count: 1
		image type: shareable (IHD$K_LIM)
			global section major id: %X'01', minor id: %X'000064'
			match control: ISD$K_MATLEQ
		I/O channel count: default
		I/O page count: default
		linker flags:
			(0)  IHD$V_LNKDEBUG   0
			(1)  IHD$V_LNKNOTFR   1
			(2)  IHD$V_NOP0BUFS   0
			(3)  IHD$V_PICIMG     1
			(4)  IHD$V_P0IMAGE    0
			(5)  IHD$V_DBGDMT     1

	Image Activation Information

		first transfer address:  %X'00000000'
		second transfer address: %X'00000000'
		third transfer address:  %X'00000000'

	Global Symbol Table & Debug Symbol Table Information

		debug symbol table VBN:  0, block count: 0
		global symbol table VBN: 26, record count: 6
		debug module/psect table VBN: 0, byte count: 0

	Image Identification Information

		image name: "DTKSHR"
		image file identification: "V04-004"
		link date/time: 19-JUN-1987 16:06:38.03
		linker identification: "04-00"

	Patch Information

		There are no patches at this time.

	Image Section Descriptors (ISD)

		1)  image section descriptor (16 bytes)
			page count: 22
			base virtual address: %X'00000000' (P0 space)
			page fault cluster size: default
			ISD flags:
				(0)  ISD$V_GBL        0
				(1)  ISD$V_CRF        0
				(2)  ISD$V_DZRO       0
				(3)  ISD$V_WRT        0
				(7)  ISD$V_LASTCLU    0
				(8)  ISD$V_COPYALWAY  0

Analyze Image                                13-MAY-1988 09:05:49.84   Page 2
USER$1:[OLIVER.DEMO.INSURE]DTKSHR.EXE;1


				(9)  ISD$V_BASED      0
				(10) ISD$V_FIXUPVEC   0
				(17) ISD$V_VECTOR     0
				(18) ISD$V_PROTECT    0
			section type: ISD$K_SHRPIC
			base VBN: 2

		2)  image section descriptor (12 bytes)
			page count: 1
			base virtual address: %X'00002C00' (P0 space)
			page fault cluster size: default
			ISD flags:
				(0)  ISD$V_GBL        0
				(1)  ISD$V_CRF        0
				(2)  ISD$V_DZRO       1
				(3)  ISD$V_WRT        1
				(7)  ISD$V_LASTCLU    0
				(8)  ISD$V_COPYALWAY  0
				(9)  ISD$V_BASED      0
				(10) ISD$V_FIXUPVEC   0
				(17) ISD$V_VECTOR     0
				(18) ISD$V_PROTECT    0
			section type: ISD$K_PRVPIC

		3)  image section descriptor (16 bytes)
			page count: 1
			base virtual address: %X'00002E00' (P0 space)
			page fault cluster size: default
			ISD flags:
				(0)  ISD$V_GBL        0
				(1)  ISD$V_CRF        1
				(2)  ISD$V_DZRO       0
				(3)  ISD$V_WRT        1
				(7)  ISD$V_LASTCLU    0
				(8)  ISD$V_COPYALWAY  0
				(9)  ISD$V_BASED      0
				(10) ISD$V_FIXUPVEC   0
				(17) ISD$V_VECTOR     1
				(18) ISD$V_PROTECT    1
			section type: ISD$K_PRVPIC
			base VBN: 24
			indirect message section filename: SHRIMGMSG

		4)  image section descriptor (16 bytes)
			page count: 1
			base virtual address: %X'00003000' (P0 space)
			page fault cluster size: default
			ISD flags:
				(0)  ISD$V_GBL        0
				(1)  ISD$V_CRF        1
				(2)  ISD$V_DZRO       0
				(3)  ISD$V_WRT        1
				(7)  ISD$V_LASTCLU    0
				(8)  ISD$V_COPYALWAY  0
				(9)  ISD$V_BASED      0

Analyze Image                                13-MAY-1988 09:05:50.03   Page 3
USER$1:[OLIVER.DEMO.INSURE]DTKSHR.EXE;1


				(10) ISD$V_FIXUPVEC   1
				(17) ISD$V_VECTOR     0
				(18) ISD$V_PROTECT    0
			section type: ISD$K_PRVFXD
			base VBN: 25

		5)  image section descriptor (31 bytes)
			page count: 129
			base virtual address: %X'00000000' (P0 space)
			page fault cluster size: default
			ISD flags:
				(0)  ISD$V_GBL        1
				(1)  ISD$V_CRF        0
				(2)  ISD$V_DZRO       0
				(3)  ISD$V_WRT        0
				(7)  ISD$V_LASTCLU    0
				(8)  ISD$V_COPYALWAY  0
				(9)  ISD$V_BASED      0
				(10) ISD$V_FIXUPVEC   0
				(17) ISD$V_VECTOR     0
				(18) ISD$V_PROTECT    0
			section type: ISD$K_SHRPIC
			base VBN: 0
			global section major id: %X'01', minor id: %X'00000D'
			match control: ISD$K_MATLEQ
			global section name: "LIBRTL_001"

Analyze Image                                13-MAY-1988 09:05:50.11   Page 4
USER$1:[OLIVER.DEMO.INSURE]DTKSHR.EXE;1


SHAREABLE IMAGE - GLOBAL SYMBOL TABLE


1.  MODULE HEADER (OBJ$C_HDR_MHD), 54 bytes

	structure level: 0
	maximum record size: 512
	module name: "DTKSHR"
	module version: "V04-004"
	creation   date/time: 19-JUN-1987 16:06


2.  LANGUAGE PROCESSOR HEADER (OBJ$C_HDR_LNM), 22 bytes

	Textual information:
	"VAX-11 Linker V04-00"


3.  GLOBAL SYMBOL DIRECTORY (OBJ$C_GSD), 19 bytes

	1)  Program Section Definition (GSD$C_PSC)
		alignment: 1-byte boundary                       <-- psect 0
		attribute flags:
			(0)  GPS$V_PIC        1
			(1)  GPS$V_LIB        1
			(2)  GPS$V_OVL        0
			(3)  GPS$V_REL        0
			(4)  GPS$V_GBL        0
			(5)  GPS$V_SHR        0
			(6)  GPS$V_EXE        0
			(7)  GPS$V_RD         1
			(8)  GPS$V_WRT        0
			(9)  GPS$V_VEC        0
		allocation: 0 (%X'00000000')
		symbol: ".$$ABS$$."


4.  GLOBAL SYMBOL DIRECTORY (OBJ$C_GSD), 490 bytes

	1)  Entry Point Symbol and Mask Definition (GSD$C_EPM)
		data type: DSC$K_DTYPE_Z (0)
		symbol flags:
			(0)  GSY$V_WEAK       0
			(1)  GSY$V_DEF        1
			(2)  GSY$V_UNI        1
			(3)  GSY$V_REL        1
		psect: 0
		value: 0 (%X'00000000')
		entry mask: <R2,R3,R4,R5>
		symbol: "DTK$ANSWER_PHONE"

	2)  Entry Point Symbol and Mask Definition (GSD$C_EPM)
		data type: DSC$K_DTYPE_Z (0)

Analyze Image                                13-MAY-1988 09:05:50.33   Page 5
USER$1:[OLIVER.DEMO.INSURE]DTKSHR.EXE;1


		symbol flags:
			(0)  GSY$V_WEAK       0
			(1)  GSY$V_DEF        1
			(2)  GSY$V_UNI        1
			(3)  GSY$V_REL        1
		psect: 0
		value: 168 (%X'000000A8')
		entry mask: <R2>
		symbol: "DTK$CHECK_HDWR_STATUS"

	3)  Entry Point Symbol and Mask Definition (GSD$C_EPM)
		data type: DSC$K_DTYPE_Z (0)
		symbol flags:
			(0)  GSY$V_WEAK       0
			(1)  GSY$V_DEF        1
			(2)  GSY$V_UNI        1
			(3)  GSY$V_REL        1
		psect: 0
		value: 8 (%X'00000008')
		entry mask: <R2,R3,R4,R5,R6,R7,R8,R9,R10,R11>
		symbol: "DTK$DIAL_PHONE"

	4)  Entry Point Symbol and Mask Definition (GSD$C_EPM)
		data type: DSC$K_DTYPE_Z (0)
		symbol flags:
			(0)  GSY$V_WEAK       0
			(1)  GSY$V_DEF        1
			(2)  GSY$V_UNI        1
			(3)  GSY$V_REL        1
		psect: 0
		value: 16 (%X'00000010')
		entry mask: <R2,R3,R4>
		symbol: "DTK$HANGUP_PHONE"

	5)  Entry Point Symbol and Mask Definition (GSD$C_EPM)
		data type: DSC$K_DTYPE_Z (0)
		symbol flags:
			(0)  GSY$V_WEAK       0
			(1)  GSY$V_DEF        1
			(2)  GSY$V_UNI        1
			(3)  GSY$V_REL        1
		psect: 0
		value: 24 (%X'00000018')
		entry mask: <R2,R3,R4,R5,R6,R7,R8,R9,R10,R11>
		symbol: "DTK$INITIALIZE"

	6)  Entry Point Symbol and Mask Definition (GSD$C_EPM)
		data type: DSC$K_DTYPE_Z (0)
		symbol flags:
			(0)  GSY$V_WEAK       0
			(1)  GSY$V_DEF        1
			(2)  GSY$V_UNI        1
			(3)  GSY$V_REL        1
		psect: 0
		value: 32 (%X'00000020')

Analyze Image                                13-MAY-1988 09:05:50.51   Page 6
USER$1:[OLIVER.DEMO.INSURE]DTKSHR.EXE;1


		entry mask: <R2,R3,R4,R5>
		symbol: "DTK$LOAD_DICTIONARY"

	7)  Entry Point Symbol and Mask Definition (GSD$C_EPM)
		data type: DSC$K_DTYPE_Z (0)
		symbol flags:
			(0)  GSY$V_WEAK       0
			(1)  GSY$V_DEF        1
			(2)  GSY$V_UNI        1
			(3)  GSY$V_REL        1
		psect: 0
		value: 40 (%X'00000028')
		entry mask: <R2,R3>
		symbol: "DTK$OUTPUT"

	8)  Entry Point Symbol and Mask Definition (GSD$C_EPM)
		data type: DSC$K_DTYPE_Z (0)
		symbol flags:
			(0)  GSY$V_WEAK       0
			(1)  GSY$V_DEF        1
			(2)  GSY$V_UNI        1
			(3)  GSY$V_REL        1
		psect: 0
		value: 48 (%X'00000030')
		entry mask: <R2,R3,R4,R5>
		symbol: "DTK$READ_KEYSTROKE"

	9)  Entry Point Symbol and Mask Definition (GSD$C_EPM)
		data type: DSC$K_DTYPE_Z (0)
		symbol flags:
			(0)  GSY$V_WEAK       0
			(1)  GSY$V_DEF        1
			(2)  GSY$V_UNI        1
			(3)  GSY$V_REL        1
		psect: 0
		value: 56 (%X'00000038')
		entry mask: <R2,R3,R4,R5,R6,R7>
		symbol: "DTK$READ_STRING"

	10)  Entry Point Symbol and Mask Definition (GSD$C_EPM)
		data type: DSC$K_DTYPE_Z (0)
		symbol flags:
			(0)  GSY$V_WEAK       0
			(1)  GSY$V_DEF        1
			(2)  GSY$V_UNI        1
			(3)  GSY$V_REL        1
		psect: 0
		value: 64 (%X'00000040')
		entry mask: <R2>
		symbol: "DTK$RETURN_LAST_INDEX"

	11)  Entry Point Symbol and Mask Definition (GSD$C_EPM)
		data type: DSC$K_DTYPE_Z (0)

Analyze Image                                13-MAY-1988 09:05:50.79   Page 7
USER$1:[OLIVER.DEMO.INSURE]DTKSHR.EXE;1


		symbol flags:
			(0)  GSY$V_WEAK       0
			(1)  GSY$V_DEF        1
			(2)  GSY$V_UNI        1
			(3)  GSY$V_REL        1
		psect: 0
		value: 176 (%X'000000B0')
		entry mask: <R2,R3>
		symbol: "DTK$RUN_SELF_TEST"

	12)  Entry Point Symbol and Mask Definition (GSD$C_EPM)
		data type: DSC$K_DTYPE_Z (0)
		symbol flags:
			(0)  GSY$V_WEAK       0
			(1)  GSY$V_DEF        1
			(2)  GSY$V_UNI        1
			(3)  GSY$V_REL        1
		psect: 0
		value: 72 (%X'00000048')
		entry mask: <R2>
		symbol: "DTK$SET_INDEX"

	13)  Entry Point Symbol and Mask Definition (GSD$C_EPM)
		data type: DSC$K_DTYPE_Z (0)
		symbol flags:
			(0)  GSY$V_WEAK       0
			(1)  GSY$V_DEF        1
			(2)  GSY$V_UNI        1
			(3)  GSY$V_REL        1
		psect: 0
		value: 80 (%X'00000050')
		entry mask: <R2,R3,R4,R5>
		symbol: "DTK$SET_KEYPAD_MODE"

	14)  Entry Point Symbol and Mask Definition (GSD$C_EPM)
		data type: DSC$K_DTYPE_Z (0)
		symbol flags:
			(0)  GSY$V_WEAK       0
			(1)  GSY$V_DEF        1
			(2)  GSY$V_UNI        1
			(3)  GSY$V_REL        1
		psect: 0
		value: 88 (%X'00000058')
		entry mask: <R2>
		symbol: "DTK$SET_LOGGING_MODE"

	15)  Entry Point Symbol and Mask Definition (GSD$C_EPM)
		data type: DSC$K_DTYPE_Z (0)
		symbol flags:
			(0)  GSY$V_WEAK       0
			(1)  GSY$V_DEF        1
			(2)  GSY$V_UNI        1
			(3)  GSY$V_REL        1
		psect: 0
		value: 96 (%X'00000060')

Analyze Image                                13-MAY-1988 09:05:50.96   Page 8
USER$1:[OLIVER.DEMO.INSURE]DTKSHR.EXE;1


		entry mask: <R2>
		symbol: "DTK$SET_MODE"

	16)  Entry Point Symbol and Mask Definition (GSD$C_EPM)
		data type: DSC$K_DTYPE_Z (0)
		symbol flags:
			(0)  GSY$V_WEAK       0
			(1)  GSY$V_DEF        1
			(2)  GSY$V_UNI        1
			(3)  GSY$V_REL        1
		psect: 0
		value: 104 (%X'00000068')
		entry mask: <R2,R3>
		symbol: "DTK$SET_SPEECH_MODE"

	17)  Entry Point Symbol and Mask Definition (GSD$C_EPM)
		data type: DSC$K_DTYPE_Z (0)
		symbol flags:
			(0)  GSY$V_WEAK       0
			(1)  GSY$V_DEF        1
			(2)  GSY$V_UNI        1
			(3)  GSY$V_REL        1
		psect: 0
		value: 112 (%X'00000070')
		entry mask: <R2>
		symbol: "DTK$SET_TERMINAL_MODE"


5.  GLOBAL SYMBOL DIRECTORY (OBJ$C_GSD), 164 bytes

	1)  Entry Point Symbol and Mask Definition (GSD$C_EPM)
		data type: DSC$K_DTYPE_Z (0)
		symbol flags:
			(0)  GSY$V_WEAK       0
			(1)  GSY$V_DEF        1
			(2)  GSY$V_UNI        1
			(3)  GSY$V_REL        1
		psect: 0
		value: 120 (%X'00000078')
		entry mask: <R2,R3,R4,R5,R6,R7,R8,R9,R10,R11>
		symbol: "DTK$SET_VOICE"

	2)  Entry Point Symbol and Mask Definition (GSD$C_EPM)
		data type: DSC$K_DTYPE_Z (0)
		symbol flags:
			(0)  GSY$V_WEAK       0
			(1)  GSY$V_DEF        1
			(2)  GSY$V_UNI        1
			(3)  GSY$V_REL        1
		psect: 0
		value: 128 (%X'00000080')
		entry mask: <R2,R3,R4,R5,R6,R7,R8,R9,R10,R11>
		symbol: "DTK$SPEAK_FILE"


Analyze Image                                13-MAY-1988 09:05:51.11   Page 9
USER$1:[OLIVER.DEMO.INSURE]DTKSHR.EXE;1


	3)  Entry Point Symbol and Mask Definition (GSD$C_EPM)
		data type: DSC$K_DTYPE_Z (0)
		symbol flags:
			(0)  GSY$V_WEAK       0
			(1)  GSY$V_DEF        1
			(2)  GSY$V_UNI        1
			(3)  GSY$V_REL        1
		psect: 0
		value: 136 (%X'00000088')
		entry mask: <R2,R3,R4,R5,R6,R7,R8,R9,R10>
		symbol: "DTK$SPEAK_PHONEMIC_TEXT"

	4)  Entry Point Symbol and Mask Definition (GSD$C_EPM)
		data type: DSC$K_DTYPE_Z (0)
		symbol flags:
			(0)  GSY$V_WEAK       0
			(1)  GSY$V_DEF        1
			(2)  GSY$V_UNI        1
			(3)  GSY$V_REL        1
		psect: 0
		value: 144 (%X'00000090')
		entry mask: <R2,R3,R4,R5,R6,R7,R8>
		symbol: "DTK$SPEAK_TEXT"

	5)  Entry Point Symbol and Mask Definition (GSD$C_EPM)
		data type: DSC$K_DTYPE_Z (0)
		symbol flags:
			(0)  GSY$V_WEAK       0
			(1)  GSY$V_DEF        1
			(2)  GSY$V_UNI        1
			(3)  GSY$V_REL        1
		psect: 0
		value: 160 (%X'000000A0')
		entry mask: <R2,R3,R4,R5,R6,R7,R8,R9,R10,R11>
		symbol: "DTK$SPELL_TEXT"

	6)  Entry Point Symbol and Mask Definition (GSD$C_EPM)
		data type: DSC$K_DTYPE_Z (0)
		symbol flags:
			(0)  GSY$V_WEAK       0
			(1)  GSY$V_DEF        1
			(2)  GSY$V_UNI        1
			(3)  GSY$V_REL        1
		psect: 0
		value: 152 (%X'00000098')
		entry mask: <R2,R3,R4,R5,R6>
		symbol: "DTK$TERMINATE"


6.  END OF MODULE (OBJ$C_EOM), 2 bytes

	severity: successful (0)



Analyze Image                                13-MAY-1988 09:05:51.29   Page 10
USER$1:[OLIVER.DEMO.INSURE]DTKSHR.EXE;1


IMAGE ACTIVATOR FIXUP SECTION


	Fixed Information

		Flags:
			(0)  IAF$V_SHR        1
		shareable image count: 2
		extra image count: 0

	Shareable Image List

		0)  this image
		1)  "LIBRTL"

	G^ Reference Fixups

		17 references to image 1:
			  00000690  000006C8  000006E0  00000758
			  00000778  000009E0  000005A8  00000308
			  00000378  000003B0  000003C0  000004B0
			  00000500  00000A30  00000548  00000550
			  00000558

	Protection Change Fixups (relative to %X'00000000')

		address: %X'00003000', page count: 1
		protection: PRT$C_UREW



The analysis uncovered NO errors.


ANAL/IMAGE/OUTPUT=DTKSHR.OUT DTKSHR.EXE                                         
