%SET-W-NOTSET, error modifying HSC000$DUA1:
-CLI-E-IVDEVTYPE, invalid device type - specify a mailbox device
$ demo_insurance :== $USER$1:[OLIVER.DEMO.INSURE]demo_insurance.exe
$ demo_insurance TTC5: 
%BAS-F-MEMMANVIO, Memory management violation
-BAS-I-USEPC_PSL, at user PC=00002C81, PSL=03C000A0
-SYSTEM-F-ACCVIO, access violation, reason mask=81, virtual address=03C000A0, PC=020E005C, PSL=00050404
-BAS-I-FROMOD, In module DEMO_INSURANCE
%TRACE-F-TRACEBACK, symbolic stack dump follows
module name     routine name                     line       rel PC    abs PC

                                                           0000C48C  0000C48C
----- above condition handler called with exception 0000000C:
%SYSTEM-F-ACCVIO, access violation, reason mask=81, virtual address=03C000A0, PC=020E005C, PSL=00050404
----- end of exception message
DEMO_INSURANCE$ DEMO_INSURANCE$MAIN               356      00000281  00002C81
  OLIVER       job terminated at 24-MAY-1988 14:45:13.53

  Accounting information:
  Buffered I/O count:         8288      Peak working set size:   334
  Direct I/O count:           1081      Peak page file size:    1053
  Page faults:                 801      Mounted volumes:           0
  Charged CPU time:     0 00:00:44.82   Elapsed time:     8 06:38:04.07
