(Note: this is going to take a while.)
Finding dependencies for addng.o.
Finding dependencies for art.o.
Finding dependencies for artio.o.
Finding dependencies for artsrch.o.
Finding dependencies for autosub.o.
Finding dependencies for backpage.o.
Finding dependencies for bits.o.
Finding dependencies for cheat.o.
Finding dependencies for decode.o.
Finding dependencies for final.o.
Finding dependencies for getactive.o.
Finding dependencies for head.o.
Finding dependencies for help.o.
Finding dependencies for init.o.
Finding dependencies for intrp.o.
Finding dependencies for kfile.o.
Finding dependencies for last.o.
Finding dependencies for mt-misc.o.
Finding dependencies for mt-process.o.
Finding dependencies for mt-read.o.
Finding dependencies for mt-write.o.
Finding dependencies for mthreads.o.
Finding dependencies for ndir.o.
Finding dependencies for ng.o.
Finding dependencies for ngdata.o.
Finding dependencies for ngsrch.o.
Finding dependencies for ngstuff.o.
Finding dependencies for only.o.
Finding dependencies for rcln.o.
Finding dependencies for rcstuff.o.
Finding dependencies for respond.o.
Finding dependencies for rn.o.
Finding dependencies for rt-rn.o.
Finding dependencies for rt-select.o.
Finding dependencies for rthreads.o.
Finding dependencies for search.o.
Finding dependencies for server.o.
Finding dependencies for sw.o.
Finding dependencies for term.o.
Finding dependencies for threads.o.
Finding dependencies for tm-process.o.
Finding dependencies for tm-read.o.
Finding dependencies for tm-write.o.
Finding dependencies for tmpthread.o.
Finding dependencies for unipatch.o.
Finding dependencies for unship.o.
Finding dependencies for util.o.
Finding dependencies for uudecode.o.
Updating Makefile...
