Newsgroups: comp.sources.misc
From: kent@sparky.sterling.com (Kent Landfield)
Subject:  v28INF7:  mksheet patch01 posting error
Message-ID: <1992Feb24.053517.20771@sparky.imd.sterling.com>
X-Md4-Signature: 7020375affd5859b5279047238971dd5
Date: Mon, 24 Feb 1992 05:35:17 GMT
Approved: kent@sparky.imd.sterling.com

Submitted-by: kent@sparky.sterling.com (Kent Landfield)
Posting-number: Volume 28, Info 7
Archive-name: mksheet.err

I just noticed that I made a mistake when I posted the first patch to mksheet.
The Subject and Archive-name header lines indicate that there is more than
one part to the patch.  There is *only* one part to that patch.

The original header lines were..

v28i061:  mksheet - GURPS PS character sheet maker v2.0, Patch01a/4
Archive-name: mksheet/patch01a

and instead should have read

v28i061:  mksheet - GURPS PS character sheet maker v2.0, Patch01
Archive-name: mksheet/patch01

Sorry for any inconvience.

			-Kent+
----
Kent Landfield                   INTERNET: kent@IMD.Sterling.COM
Sterling Software, IMD           UUCP:     uunet!sparky!kent
Phone:    (402) 291-8300         FAX:      (402) 291-4362
Please send comp.sources.misc-related mail to kent@uunet.uu.net.
