README
COPYRIGHT
COPYING
changes.txt
slang.lis
slwin/makefile.unx
slwin/makefile.dos
slwin/makefile.djg
slwin/slwindow.h
slwin/slwindow.c
demo/makefile
demo/array.c
demo/array.sl
demo/simple.c
demo/simple.sl
demo/complex.c
demo/complex.sl
demo/useropen.c
demo/README
demo/makefile.unx
demo/makefile.dos
demo/makefile.djg
doc/slang.how
doc/slang.txt
doc/intrins.txt
doc/faq.txt
doc/object.txt
doc/README
src/_slang.h
src/calc.c
src/calc.sl
src/config.h
src/copyright
src/fixes.txt
src/descrip.mms
src/os2sl.def
src/os2sl16.def
src/slos2tty.c
src/makefile.os2
src/makefile.djg
src/makefile.dos
src/makefile.unx
src/slmalloc.c
src/slang.c
src/slang.h
src/slang.rsp
src/slarray.c
src/slarray.h
src/slfile.c
src/slfile.h
src/slasync.c
src/slmath.c
src/slmath.h
src/slmatrix.c
src/slparse.c
src/slregexp.c
src/slstd.c
src/slunix.c
src/slclass.c
src/vmsmake.com
src/slrline.c
src/slutty.c
src/slwind.c
src/slkeymap.c
src/slmemcpy.c
src/slmemcmp.c
src/slmemset.c
src/slmemchr.c
src/slxstrng.c
src/sldjgpp.rsp
src/sldostty.c
src/slerr.c
src/slgetkey.c
src/slvmstty.c
src/sltoken.c
src/slsmg.c
src/sldisply.c
src/slvideo.c
src/slcmd.c
src/slsearch.c
src/worm.c
src/slcurses.h
help/slang.hlp
help/README
help/slhelp.c
help/makefile.djg
help/makefile.unx
help/makefile.os2
