install.pc
install.unx
install.vms
read.me
zip.lis
changes.txt
bin/init_jed.com
bin/jed_mail.com
bin/keptjed.com
doc/function.doc
doc/mouse.txt
doc/edt.txt
doc/jed_faq.txt
doc/pc-keys.txt
doc/rmail.txt
doc/README
doc/color.doc
doc/xjed.doc
doc/wordstar.txt
doc/rgrep.doc
doc/batch.txt
doc/syntax.txt
doc/hooks.txt
info/dir.info
info/info.info
info/jed.1in
info/jed.2in
info/jed.3in
info/jed.info
info/jed.ti
lib/mousex.sl
lib/abbrev.sl
lib/bookmark.sl
lib/generic.hlp
lib/dabbrev.sl
lib/cpright.hlp
lib/binary.sl
lib/os.sl
lib/replace.sl
lib/vmshelp.sl
lib/buf.sl
lib/bytecomp.sl
lib/preparse.sl
lib/cal.sl
lib/cmisc.sl
lib/color.sl
lib/compile.dat
lib/compile.sl
lib/ctags.sl
lib/dcl.sl
lib/dired.sl
lib/dos437.sl
lib/dos850.sl
lib/edt.hlp
lib/edt.sl
lib/emacs.hlp
lib/emacs.sl
lib/emacsmsc.sl
lib/fortran.sl
lib/help.sl
lib/indent.sl
lib/info.sl
lib/isearch.sl
lib/iso-latin.sl
lib/ispell.sl
lib/jed.hlp
lib/jed.rc
lib/jed_funs.hlp
lib/jedhelp.sl
lib/linux.sl
lib/mail.sl
lib/man.sl
lib/menu.sl
lib/mini.sl
lib/misc.sl
lib/mkdoc.sl
lib/most.sl
lib/mouse.sl
lib/mutekeys.sl
lib/regexp.sl
lib/rmail.sl
lib/rot13.sl
lib/search.sl
lib/shell.sl
lib/simple.hlp
lib/site.sl
lib/sort.sl
lib/sortmisc.sl
lib/tabs.sl
lib/tex.sl
lib/tmisc.sl
lib/untab.sl
lib/util.sl
lib/vms_shell.com
lib/wordstar.sl
src/abbrev.c
src/abbrev.h
src/syntax.c
src/buffer.c
src/vmshelp.c
src/buffer.h
src/cmds.c
src/cmds.h
src/makefile.os2
src/os2jed.def
src/os2jed16.def
src/os2.c
src/config.h
src/copyright
src/descrip.mms
src/display.c
src/display.h
src/doskeys.c
src/file.c
src/dos_os2.c
src/file.h
src/fmerge.c
src/fsplit.c
src/getmail.c
src/hooks.h
src/i386.c
src/ibmpc.c
src/ins.c
src/ins.h
src/intrin.c
src/jed.rsp
src/jed386.rsp
src/keymap.c
src/keymap.h
src/ledit.c
src/ledit.h
src/line.c
src/line.h
src/main.c
src/makefile.djg
src/makefile.dos
src/makefile.unx
src/misc.c
src/misc.h
src/mkdoc.c
src/paste.c
src/paste.h
src/replace.c
src/replace.h
src/rgrep.c
src/screen.c
src/screen.h
src/search.c
src/search.h
src/sig.c
src/sig.h
src/sl2slc.c
src/sysdep.c
src/sysdep.h
src/text.c
src/text.h
src/undo.c
src/undo.h
src/unix.c
src/vfile.c
src/vfile.h
src/vms.c
src/vmsmail.c
src/vmsmail.h
src/vmsmake.com
src/vterm.c
src/vterm.h
src/window.c
src/window.h
src/word.c
src/xterm.c
src/xkeys.c
