
NIST_SET_A 00: Starting execution, system time: 22-NOV-1999 11:33:38.86
NIST_SET_A 01: SYS$TIMEZONE_DIFFERENTIAL translation:           6  -21600  
NIST_SET_A 06: DF_SETTIME translation:           1  Y
C 022C   0 
C 022C   0 
W 0001   4 ATZ
C 022C  10 ATZ
OK

C 022C   0 
W 0001   7 ATQ0V1
C 022C  13 ATQ0V1
OK

C 022C   0 
W 0001  16 ATDT13034944774
R 0001  17 ATDT13034944774

R 0001  33 CONNECT 9600/ARQ/V32/LAPM/V42BIS

R 0001  47 National Institute of Standards and Technology

R 0001  37 Telephone Time Service, Generator 1d

R 0001  43 Enter the question mark character for HELP

R 0001  29                         D  L

R 0001  53  MJD  YR MO DA HH MM SS ST S UT1 msADV         <OTM>

R 0001   1 

R 0001  47 51504 99-11-22 17:34:16 00 0 +.4 045.0 UTC(NIST)
W 0001   1 *
R 0001   1  *
T          009E1865F87D2C00 009E1865F1A0AC43             -11.5114
R 0001   1 

R 0001  47 51504 99-11-22 17:34:17 00 0 +.4 047.9 UTC(NIST)
W 0001   1 *
R 0001   1  *
T          009E1865F915C280 009E1865F23897EF             -11.5158
R 0001   1 

R 0001  47 51504 99-11-22 17:34:18 00 0 +.4 046.9 UTC(NIST)
W 0001   1 *
R 0001   1  *
T          009E1865F9AE5900 009E1865F2D1AF13             -11.5125
R 0001   1 

R 0001  47 51504 99-11-22 17:34:19 00 0 +.4 048.0 UTC(NIST)
R 0001   1  #
T          009E1865FA46EF80 009E1865F36A02E9             -11.5142
NIST_SET_A 12: Synchronized, time set to NIST time
 System time: 22-NOV-1999 11:34:07.48, NIST time: 22-NOV-1999 11:34:19.00
W 0001   1 %
I 02CC   0  
%SYSTEM-F-HANGUP, data set hang-up
C 022C  14 
NO CARRIER

C 022C   0 
NIST_SET_A 14: Done,    402685953 , Synchronized, time set        