BINMODE="4755"
CATMAN="true"
CC="gcc"
COPTS="-O3 -g"
DATE="Mon Jan 31 18:48:22 WET 1994"
DEBUG="1"
DIDO="4"
DTR_DROPS_CARRIER="1"
GROUP="uucp"
have_dup2="1"
have_memset="1"
have_pid_t="1"
have_strchr="1"
have_strdup="1"
have_strrchr="1"
have_strstr="1"
have_ulong="1"
have_unchar="1"
have_ushort="1"
INSDIR="/opt/bin"
INSTALL="install.suid"
INSTPREF="su to 'root', and then "
LDFLAGS="-ltermcap"
LIBDIR="/opt/lib/xc"
MANDIR="/usr/local/man"
MANEXT="1"
MDIR="cat1"
NOSHELL="0"
OWNER="uucp"
USER="root"
