UAF_MESSAGES                    Message definitions          22-NOV-1993 11:27:17  VAX-11 Message V04-00                   Page   1
                                                              1-NOV-1993 12:04:06  WORK209:[PILANT.HACK.DWAUTH.BL2]UAF_MESSAGES
 
                                      1 	.TITLE	UAF_MESSAGES - Messages used by the DECwindows authorize utility
                                      2 	.IDENT	'X-1'
                                      3 
                                      4 !****************************************************************************
                                      5 !*									    *
                                      6 !*  COPYRIGHT (c) 1986 BY						    *
                                      7 !*  DIGITAL EQUIPMENT CORPORATION, MAYNARD, MASSACHUSETTS.		    *
                                      8 !*  ALL RIGHTS RESERVED.						    *
                                      9 !*									    *
                                     10 !*  THIS SOFTWARE IS FURNISHED UNDER A LICENSE AND MAY BE USED AND COPIED   *
                                     11 !*  ONLY IN  ACCORDANCE WITH  THE  TERMS  OF  SUCH  LICENSE  AND WITH THE   *
                                     12 !*  INCLUSION OF THE ABOVE COPYRIGHT NOTICE. THIS SOFTWARE OR  ANY  OTHER   *
                                     13 !*  COPIES THEREOF MAY NOT BE PROVIDED OR OTHERWISE MADE AVAILABLE TO ANY   *
                                     14 !*  OTHER PERSON.  NO TITLE TO AND OWNERSHIP OF  THE  SOFTWARE IS  HEREBY   *
                                     15 !*  TRANSFERRED.							    *
                                     16 !*									    *
                                     17 !*  THE INFORMATION IN THIS SOFTWARE IS  SUBJECT TO CHANGE WITHOUT NOTICE   *
                                     18 !*  AND  SHOULD  NOT  BE  CONSTRUED AS  A COMMITMENT BY DIGITAL EQUIPMENT   *
                                     19 !*  CORPORATION.							    *
                                     20 !*									    *
                                     21 !*  DIGITAL ASSUMES NO RESPONSIBILITY FOR THE USE  OR  RELIABILITY OF ITS   *
                                     22 !*  SOFTWARE ON EQUIPMENT WHICH IS NOT SUPPLIED BY DIGITAL.		    *
                                     23 !*									    *
                                     24 !*									    *
                                     25 !****************************************************************************
                                     26 
                                     27 !++
                                     28 !
                                     29 ! FACILITY:	Authorization record maintenance utility
                                     30 !
                                     31 ! ABSTRACT:
                                     32 !
                                     33 !	This module defines the messages used by the DECwindows authorize
                                     34 !	utility.
                                     35 !
                                     36 ! AUTHOR:	L. Mark Pilant		CREATION DATE:  17-Jun-1993
                                     37 !
                                     38 ! MODIFICATION HISTORY:
                                     39 !
                                     40 !--
UAF_MESSAGES                    - Messages used by the DECwi 22-NOV-1993 11:27:17  VAX-11 Message V04-00                   Page   2
                                                              1-NOV-1993 12:04:06  WORK209:[PILANT.HACK.DWAUTH.BL2]UAF_MESSAGES
 
                                     41 
                         000003F1    42 	.FACILITY	UAF,1009/system
                                     43 
                                     44 ! To avoid a conflict with the existing AUTHORIZE utility, set the base
                                     45 ! message code.
                                     46 
                                     47 	.BASE	4000
                                     48 
                                     49 	.SEVERITY	SUCCESS
                                     50 
                                     51 	.SEVERITY	INFORMATION
                                     52 
                                     53 	.SEVERITY	WARNING
                         03F1FD00    54 	NOUAIPRIVS	"$GETUAI/$SETUAI privileges (SYSPRV or BYPASS) missing"
                                     55 
                                     56 	.SEVERITY	ERROR
                         03F1FD0A    57 	NOWILDCARDS	"wildcard characters illegal"
                         03F1FD12    58 	UAFOPENERR	"error opening authorization file"
                         03F1FD1A    59 	UAFREADERR	"error reading authorization file"
                         03F1FD22    60 	UAFWRITERR	"error writing authorization file"
                         03F1FD2A    61 	NOSUCHUSER	"specified user not found"
                         03F1FD32    62 	USEREXISTS	"specified user already exists"
                         03F1FD3A    63 	TIMECVTERR	"error converting time string"
                                     64 
                                     65 	.SEVERITY	SEVERE
                         03F1FD44    66 	NOPROCMEM	"process virtual memory exhausted"
                         03F1FD4C    67 	INITDISPLAY	"error intializing display"
                         03F1FD54    68 	MODTEMPLATE	"error modifying template"
                         03F1FD5C    69 	INTERNAL1	"byte count in item table is incorrect"
                         03F1FD64    70 	INTERNAL2	"more list entries than available storage"
                                     71 
                                     72 	.END

There were 0 errors, 0 warnings, and 0 informational messages issued.
MESSAGE/LIST=UAF_MESSAGES/OBJECT=UAF_MESSAGES UAF_MESSAGES
