
   APS:<TEX.DVI.DOC>
		  Write              

 DVIMAN..1        28-Oct-87 12:24:20 
 DVI.PS.1         28-Oct-87 12:23:11 
 00DIR.CMD.1      28-Oct-87 12:09:50 
 00DIR.LST.1      28-Oct-87 12:09:47 
 DVIDRIVER.TOC.29 22-Oct-87 09:15:36 
 DVIDRIVER.AUX.1  22-Oct-87 09:15:05 
 DVIDRIVER.IDX.4  22-Oct-87 09:15:04 
 DVIDRIVER.LST.1  22-Oct-87 09:14:36 
 DVIMAN.AUX.22    21-Oct-87 18:46:40 
 DVIMAN.LST.19    21-Oct-87 18:46:09 
 DVIMAN.TEXINFO.82 21-Oct-87 13:43:57 
 DVIMAN.LTX.128   21-Oct-87 13:43:00 
 DVI.1L.42        21-Oct-87 13:03:10 
 DVIMAN.TOC.2     12-Oct-87 15:36:49 
 MAKEFILE.UNX.1    2-Oct-87 17:12:24 
 MAKEFILE..12      1-Oct-87 18:47:50 
 DVIDRIVER.STY.7  27-Apr-87 10:10:08 
 DVIDRIVER.LTX.448 21-Apr-87 15:08:08 
 MAKEFILE.VMS.2   18-Apr-87 16:33:52 
 DVIDRIVER.IDS.8  18-Apr-87 16:30:07 
 MAKEFILE.D20.3   17-Apr-87 18:08:35 
 VARIABLE.FDL.1   17-Apr-87 17:59:34 
 STREAMLF.FDL.1   17-Apr-87 17:59:29 
 TEXINDEX.STY.2   16-Apr-87 09:05:40 
 TEX.INFO.1       20-Jan-87 17:59:18 
 CANON.LTX.1       3-Jan-87 18:06:10 
 MYINDEX.STY.1    26-Nov-86 20:23:03 
 DRINOTICE.STX.1  21-Oct-86 17:47:55 
 GNUINDEX.STY.1   18-Oct-86 15:44:19 
 TEX.ULP.1        29-Apr-86 17:56:24 

 Total of 30 files
