%SET-W-NOTSET, error modifying HSC000$DUA1:
-CLI-E-IVDEVTYPE, invalid device type - specify a mailbox device
$ health_care :== $USER$1:[OLIVER.DEMO.HEALTH_CARE]health_care.exe
$ health_care TTB0: 
%SYSTEM-F-ACCVIO, access violation, reason mask=01, virtual address=EF170000, PC=80009E5B, PSL=03C00000

  Improperly handled condition, image exit forced.

	Signal arguments	      Stack contents

	Number = 00000005		 00000005
	Name   = 0000000C		 0000022C
		 00000001		 80000000
		 EF170000		 00000000
		 80009E5B		 7FFEE44C
		 03C00000		 03C00004
					 7FF41F1C
					 00000000
					 2FFC0000
					 7FF41F64

	Register dump

	R0 = 804BF2E0  R1 = EF170000  R2 = 800021A4  R3 = 801E9C24
	R4 = 801E9BD0  R5 = 801C9B20  R6 = 7FFD7390  R7 = 00000000
	R8 = 00900008  R9 = 7FF41E9C  R10= 00000001  R11= 0C040007
	AP = 7FF41DB4  FP = 7FF41D74  SP = 7FF41DF0  PC = 80009E5B
	PSL= 03C00000

