%SET-W-NOTSET, error modifying HSC000$DUA1:
-CLI-E-IVDEVTYPE, invalid device type - specify a mailbox device
$ health_care :== $USER$1:[OLIVER.DEMO.HEALTH_CARE]health_care.exe
$ health_care TTC5: 
%BAS-F-MEMMANVIO, Memory management violation
-BAS-I-USEPC_PSL, at user PC=000054BE, PSL=03C00000
-SYSTEM-F-ACCVIO, access violation, reason mask=04, virtual address=00003FD7, PC=000054BE, PSL=03C00000
-BAS-I-FROMOD, In module HEALTH_CARE
%TRACE-F-TRACEBACK, symbolic stack dump follows
module name     routine name                     line       rel PC    abs PC

                                                           0000E48C  0000E48C
----- above condition handler called with exception 0000000C:
%SYSTEM-F-ACCVIO, access violation, reason mask=04, virtual address=00003FD7, PC=000054BE, PSL=03C00000
----- end of exception message
DTK$UTIL        DTK$INITIALIZE                   1801      000000DF  000054BE
HEALTH_CARE$MAI HEALTH_CARE$MAIN                  290      0000019B  00002B9B
  OLIVER       job terminated at 29-JAN-1988 08:24:43.37

  Accounting information:
  Buffered I/O count:           39      Peak working set size:   334
  Direct I/O count:             24      Peak page file size:     924
  Page faults:                 651      Mounted volumes:           0
  Charged CPU time:     0 00:00:04.17   Elapsed time:     0 00:00:07.91
